app/build/intermediates/manifest_merge_blame_file/debug/manifest-merger-blame-debug-report.txt
1<?xml version="1.0" encoding="utf-8"?>
2<manifest xmlns:android="http://schemas.android.com/apk/res/android"
3    package="com.example.houseofdragon"
4    android:versionCode="1"
5    android:versionName="1.0" >
6
7    <uses-sdk
8        android:minSdkVersion="21"
8-->src\main\AndroidManifest.xml
9        android:targetSdkVersion="33" />
9-->src\main\AndroidManifest.xml
10
11    <uses-permission android:name="android.permission.INTERNET" />
11-->src\main\AndroidManifest.xml:6:5-67
11-->src\main\AndroidManifest.xml:6:22-64
12    <uses-permission android:name="android.permission.ACCESS_NETWORK_STATE" />
12-->[com.google.firebase:firebase-auth:21.0.8] AndroidManifest.xml:24:5-79
12-->[com.google.firebase:firebase-auth:21.0.8] AndroidManifest.xml:24:22-76
13
14    <permission
14-->[androidx.core:core:1.9.0] AndroidManifest.xml:22:5-24:47
15        android:name="com.example.houseofdragon.DYNAMIC_RECEIVER_NOT_EXPORTED_PERMISSION"
15-->[androidx.core:core:1.9.0] AndroidManifest.xml:23:9-81
16        android:protectionLevel="signature" />
16-->[androidx.core:core:1.9.0] AndroidManifest.xml:24:9-44
17
18    <uses-permission android:name="com.example.houseofdragon.DYNAMIC_RECEIVER_NOT_EXPORTED_PERMISSION" />
18-->[androidx.core:core:1.9.0] AndroidManifest.xml:26:5-97
18-->[androidx.core:core:1.9.0] AndroidManifest.xml:26:22-94
19
20    <application
20-->src\main\AndroidManifest.xml:8:5-30:19
21        android:allowBackup="true"
21-->src\main\AndroidManifest.xml:9:9-35
22        android:appComponentFactory="androidx.core.app.CoreComponentFactory"
22-->[androidx.core:core:1.9.0] AndroidManifest.xml:28:18-86
23        android:dataExtractionRules="@xml/data_extraction_rules"
23-->src\main\AndroidManifest.xml:10:9-65
24        android:debuggable="true"
25        android:fullBackupContent="@xml/backup_rules"
25-->src\main\AndroidManifest.xml:11:9-54
26        android:icon="@mipmap/ic_launcher"
26-->src\main\AndroidManifest.xml:12:9-43
27        android:label="@string/app_name"
27-->src\main\AndroidManifest.xml:13:9-41
28        android:roundIcon="@mipmap/ic_launcher_round"
28-->src\main\AndroidManifest.xml:14:9-54
29        android:supportsRtl="true"
29-->src\main\AndroidManifest.xml:15:9-35
30        android:testOnly="true"
31        android:theme="@style/Theme.HouseOfDragon" >
31-->src\main\AndroidManifest.xml:16:9-51
32        <activity
32-->src\main\AndroidManifest.xml:18:9-20:40
33            android:name="com.example.houseofdragon.secondActivity"
33-->src\main\AndroidManifest.xml:19:13-43
34            android:exported="false" />
34-->src\main\AndroidManifest.xml:20:13-37
35        <activity
35-->src\main\AndroidManifest.xml:21:9-29:20
36            android:name="com.example.houseofdragon.MainActivity"
36-->src\main\AndroidManifest.xml:22:13-41
37            android:exported="true" >
37-->src\main\AndroidManifest.xml:23:13-36
38            <intent-filter>
38-->src\main\AndroidManifest.xml:24:13-28:29
39                <action android:name="android.intent.action.MAIN" />
39-->src\main\AndroidManifest.xml:25:17-69
39-->src\main\AndroidManifest.xml:25:25-66
40
41                <category android:name="android.intent.category.LAUNCHER" />
41-->src\main\AndroidManifest.xml:27:17-77
41-->src\main\AndroidManifest.xml:27:27-74
42            </intent-filter>
43        </activity>
44        <activity
44-->[com.google.firebase:firebase-auth:21.0.8] AndroidManifest.xml:27:9-44:20
45            android:name="com.google.firebase.auth.internal.GenericIdpActivity"
45-->[com.google.firebase:firebase-auth:21.0.8] AndroidManifest.xml:28:13-80
46            android:excludeFromRecents="true"
46-->[com.google.firebase:firebase-auth:21.0.8] AndroidManifest.xml:29:13-46
47            android:exported="true"
47-->[com.google.firebase:firebase-auth:21.0.8] AndroidManifest.xml:30:13-36
48            android:launchMode="singleTask"
48-->[com.google.firebase:firebase-auth:21.0.8] AndroidManifest.xml:31:13-44
49            android:theme="@android:style/Theme.Translucent.NoTitleBar" >
49-->[com.google.firebase:firebase-auth:21.0.8] AndroidManifest.xml:32:13-72
50            <intent-filter>
50-->[com.google.firebase:firebase-auth:21.0.8] AndroidManifest.xml:33:13-43:29
51                <action android:name="android.intent.action.VIEW" />
51-->[com.google.firebase:firebase-auth:21.0.8] AndroidManifest.xml:34:17-69
51-->[com.google.firebase:firebase-auth:21.0.8] AndroidManifest.xml:34:25-66
52
53                <category android:name="android.intent.category.DEFAULT" />
53-->[com.google.firebase:firebase-auth:21.0.8] AndroidManifest.xml:36:17-76
53-->[com.google.firebase:firebase-auth:21.0.8] AndroidManifest.xml:36:27-73
54                <category android:name="android.intent.category.BROWSABLE" />
54-->[com.google.firebase:firebase-auth:21.0.8] AndroidManifest.xml:37:17-78
54-->[com.google.firebase:firebase-auth:21.0.8] AndroidManifest.xml:37:27-75
55
56                <data
56-->[com.google.firebase:firebase-auth:21.0.8] AndroidManifest.xml:39:17-42:51
57                    android:host="firebase.auth"
57-->[com.google.firebase:firebase-auth:21.0.8] AndroidManifest.xml:40:21-49
58                    android:path="/"
58-->[com.google.firebase:firebase-auth:21.0.8] AndroidManifest.xml:41:21-37
59                    android:scheme="genericidp" />
59-->[com.google.firebase:firebase-auth:21.0.8] AndroidManifest.xml:42:21-48
60            </intent-filter>
61        </activity>
62        <activity
62-->[com.google.firebase:firebase-auth:21.0.8] AndroidManifest.xml:45:9-62:20
63            android:name="com.google.firebase.auth.internal.RecaptchaActivity"
63-->[com.google.firebase:firebase-auth:21.0.8] AndroidManifest.xml:46:13-79
64            android:excludeFromRecents="true"
64-->[com.google.firebase:firebase-auth:21.0.8] AndroidManifest.xml:47:13-46
65            android:exported="true"
65-->[com.google.firebase:firebase-auth:21.0.8] AndroidManifest.xml:48:13-36
66            android:launchMode="singleTask"
66-->[com.google.firebase:firebase-auth:21.0.8] AndroidManifest.xml:49:13-44
67            android:theme="@android:style/Theme.Translucent.NoTitleBar" >
67-->[com.google.firebase:firebase-auth:21.0.8] AndroidManifest.xml:50:13-72
68            <intent-filter>
68-->[com.google.firebase:firebase-auth:21.0.8] AndroidManifest.xml:51:13-61:29
69                <action android:name="android.intent.action.VIEW" />
69-->[com.google.firebase:firebase-auth:21.0.8] AndroidManifest.xml:34:17-69
69-->[com.google.firebase:firebase-auth:21.0.8] AndroidManifest.xml:34:25-66
70
71                <category android:name="android.intent.category.DEFAULT" />
71-->[com.google.firebase:firebase-auth:21.0.8] AndroidManifest.xml:36:17-76
71-->[com.google.firebase:firebase-auth:21.0.8] AndroidManifest.xml:36:27-73
72                <category android:name="android.intent.category.BROWSABLE" />
72-->[com.google.firebase:firebase-auth:21.0.8] AndroidManifest.xml:37:17-78
72-->[com.google.firebase:firebase-auth:21.0.8] AndroidManifest.xml:37:27-75
73
74                <data
74-->[com.google.firebase:firebase-auth:21.0.8] AndroidManifest.xml:39:17-42:51
75                    android:host="firebase.auth"
75-->[com.google.firebase:firebase-auth:21.0.8] AndroidManifest.xml:40:21-49
76                    android:path="/"
76-->[com.google.firebase:firebase-auth:21.0.8] AndroidManifest.xml:41:21-37
77                    android:scheme="recaptcha" />
77-->[com.google.firebase:firebase-auth:21.0.8] AndroidManifest.xml:42:21-48
78            </intent-filter>
79        </activity>
80
81        <service
81-->[com.google.firebase:firebase-auth:21.0.8] AndroidManifest.xml:64:9-70:19
82            android:name="com.google.firebase.components.ComponentDiscoveryService"
82-->[com.google.firebase:firebase-auth:21.0.8] AndroidManifest.xml:65:13-84
83            android:directBootAware="true"
83-->[com.google.firebase:firebase-common:20.1.2] AndroidManifest.xml:35:13-43
84            android:exported="false" >
84-->[com.google.firebase:firebase-auth:21.0.8] AndroidManifest.xml:66:13-37
85            <meta-data
85-->[com.google.firebase:firebase-auth:21.0.8] AndroidManifest.xml:67:13-69:85
86                android:name="com.google.firebase.components:com.google.firebase.auth.FirebaseAuthRegistrar"
86-->[com.google.firebase:firebase-auth:21.0.8] AndroidManifest.xml:68:17-109
87                android:value="com.google.firebase.components.ComponentRegistrar" />
87-->[com.google.firebase:firebase-auth:21.0.8] AndroidManifest.xml:69:17-82
88            <meta-data
88-->[com.google.firebase:firebase-firestore-ktx:24.3.0] AndroidManifest.xml:15:13-17:85
89                android:name="com.google.firebase.components:com.google.firebase.firestore.ktx.FirebaseFirestoreKtxRegistrar"
89-->[com.google.firebase:firebase-firestore-ktx:24.3.0] AndroidManifest.xml:16:17-126
90                android:value="com.google.firebase.components.ComponentRegistrar" />
90-->[com.google.firebase:firebase-firestore-ktx:24.3.0] AndroidManifest.xml:17:17-82
91            <meta-data
91-->[com.google.firebase:firebase-firestore:24.3.1] AndroidManifest.xml:20:13-22:85
92                android:name="com.google.firebase.components:com.google.firebase.firestore.FirestoreRegistrar"
92-->[com.google.firebase:firebase-firestore:24.3.1] AndroidManifest.xml:21:17-111
93                android:value="com.google.firebase.components.ComponentRegistrar" />
93-->[com.google.firebase:firebase-firestore:24.3.1] AndroidManifest.xml:22:17-82
94            <meta-data
94-->[com.google.firebase:firebase-database:20.0.6] AndroidManifest.xml:32:13-34:85
95                android:name="com.google.firebase.components:com.google.firebase.database.DatabaseRegistrar"
95-->[com.google.firebase:firebase-database:20.0.6] AndroidManifest.xml:33:17-109
96                android:value="com.google.firebase.components.ComponentRegistrar" />
96-->[com.google.firebase:firebase-database:20.0.6] AndroidManifest.xml:34:17-82
97            <meta-data
97-->[com.google.firebase:firebase-storage-ktx:20.0.2] AndroidManifest.xml:15:13-17:85
98                android:name="com.google.firebase.components:com.google.firebase.storage.ktx.FirebaseStorageKtxRegistrar"
98-->[com.google.firebase:firebase-storage-ktx:20.0.2] AndroidManifest.xml:16:17-122
99                android:value="com.google.firebase.components.ComponentRegistrar" />
99-->[com.google.firebase:firebase-storage-ktx:20.0.2] AndroidManifest.xml:17:17-82
100            <meta-data
100-->[com.google.firebase:firebase-storage:20.0.2] AndroidManifest.xml:33:13-35:85
101                android:name="com.google.firebase.components:com.google.firebase.storage.StorageRegistrar"
101-->[com.google.firebase:firebase-storage:20.0.2] AndroidManifest.xml:34:17-107
102                android:value="com.google.firebase.components.ComponentRegistrar" />
102-->[com.google.firebase:firebase-storage:20.0.2] AndroidManifest.xml:35:17-82
103            <meta-data
103-->[com.google.firebase:firebase-common-ktx:20.1.2] AndroidManifest.xml:15:13-17:85
104                android:name="com.google.firebase.components:com.google.firebase.ktx.FirebaseCommonKtxRegistrar"
104-->[com.google.firebase:firebase-common-ktx:20.1.2] AndroidManifest.xml:16:17-113
105                android:value="com.google.firebase.components.ComponentRegistrar" />
105-->[com.google.firebase:firebase-common-ktx:20.1.2] AndroidManifest.xml:17:17-82
106        </service>
107
108        <activity
108-->[com.google.android.gms:play-services-base:18.0.1] AndroidManifest.xml:20:9-22:45
109            android:name="com.google.android.gms.common.api.GoogleApiActivity"
109-->[com.google.android.gms:play-services-base:18.0.1] AndroidManifest.xml:20:19-85
110            android:exported="false"
110-->[com.google.android.gms:play-services-base:18.0.1] AndroidManifest.xml:22:19-43
111            android:theme="@android:style/Theme.Translucent.NoTitleBar" />
111-->[com.google.android.gms:play-services-base:18.0.1] AndroidManifest.xml:21:19-78
112
113        <provider
113-->[com.google.firebase:firebase-common:20.1.2] AndroidManifest.xml:26:9-31:39
114            android:name="com.google.firebase.provider.FirebaseInitProvider"
114-->[com.google.firebase:firebase-common:20.1.2] AndroidManifest.xml:27:13-77
115            android:authorities="com.example.houseofdragon.firebaseinitprovider"
115-->[com.google.firebase:firebase-common:20.1.2] AndroidManifest.xml:28:13-72
116            android:directBootAware="true"
116-->[com.google.firebase:firebase-common:20.1.2] AndroidManifest.xml:29:13-43
117            android:exported="false"
117-->[com.google.firebase:firebase-common:20.1.2] AndroidManifest.xml:30:13-37
118            android:initOrder="100" />
118-->[com.google.firebase:firebase-common:20.1.2] AndroidManifest.xml:31:13-36
119
120        <meta-data
120-->[com.google.android.gms:play-services-basement:18.1.0] AndroidManifest.xml:21:9-23:69
121            android:name="com.google.android.gms.version"
121-->[com.google.android.gms:play-services-basement:18.1.0] AndroidManifest.xml:22:13-58
122            android:value="@integer/google_play_services_version" />
122-->[com.google.android.gms:play-services-basement:18.1.0] AndroidManifest.xml:23:13-66
123
124        <provider
124-->[androidx.emoji2:emoji2:1.2.0] AndroidManifest.xml:24:9-32:20
125            android:name="androidx.startup.InitializationProvider"
125-->[androidx.emoji2:emoji2:1.2.0] AndroidManifest.xml:25:13-67
126            android:authorities="com.example.houseofdragon.androidx-startup"
126-->[androidx.emoji2:emoji2:1.2.0] AndroidManifest.xml:26:13-68
127            android:exported="false" >
127-->[androidx.emoji2:emoji2:1.2.0] AndroidManifest.xml:27:13-37
128            <meta-data
128-->[androidx.emoji2:emoji2:1.2.0] AndroidManifest.xml:29:13-31:52
129                android:name="androidx.emoji2.text.EmojiCompatInitializer"
129-->[androidx.emoji2:emoji2:1.2.0] AndroidManifest.xml:30:17-75
130                android:value="androidx.startup" />
130-->[androidx.emoji2:emoji2:1.2.0] AndroidManifest.xml:31:17-49
131            <meta-data
131-->[androidx.lifecycle:lifecycle-process:2.4.1] AndroidManifest.xml:31:13-33:52
132                android:name="androidx.lifecycle.ProcessLifecycleInitializer"
132-->[androidx.lifecycle:lifecycle-process:2.4.1] AndroidManifest.xml:32:17-78
133                android:value="androidx.startup" />
133-->[androidx.lifecycle:lifecycle-process:2.4.1] AndroidManifest.xml:33:17-49
134        </provider>
135    </application>
136
137</manifest>